<?xml version="1.0" encoding="UTF-8"?>
<!-- Generated by org.testng.reporters.JUnitXMLReporter -->
<testsuite ignored="0" hostname="Jacks-Mac-mini.local" failures="0" tests="1" name="Test" time="0.081" errors="0" timestamp="2023-06-02T16:21:13 IST">
  <testcase classname="com.TestFramework.pages.BaseClass" name="@BeforeClass setup" time="0.028">
    <failure type="java.lang.NullPointerException" message="Cannot invoke &amp;quot;org.openqa.selenium.WebDriver.manage()&amp;quot; because &amp;quot;driver&amp;quot; is null">
      <![CDATA[java.lang.NullPointerException: Cannot invoke "org.openqa.selenium.WebDriver.manage()" because "driver" is null
at com.TestFramework.utility.BrowserFactory.startApp(BrowserFactory.java:36)
at com.TestFramework.pages.BaseClass.setup(BaseClass.java:29)
at java.base/java.util.ArrayList.forEach(ArrayList.java:1511)
... Removed 25 stack frames]]>
    </failure>
  </testcase> <!-- @BeforeClass setup -->
  <testcase classname="com.TestFramework.pages.BaseClass" name="@AfterMethod teardownMethod" time="-1.685703068585E9">
    <skipped/>
  </testcase> <!-- @AfterMethod teardownMethod -->
  <testcase classname="com.TestFramework.pages.BaseClass" name="@AfterClass tearDown" time="-1.685703068589E9">
    <skipped/>
  </testcase> <!-- @AfterClass tearDown -->
  <testcase classname="com.TestFramework.testcases.LoginTest" name="loginApp" time="0.001">
    <skipped/>
  </testcase> <!-- loginApp -->
</testsuite> <!-- Test -->
